Starting Project Manager at $(date)

> project-manager@1.0.0 dev
> concurrently "npm run dev --prefix backend" "npm run dev --prefix frontend"

[1] 
[1] > project-manager-frontend@1.0.0 dev
[1] > vite
[1] 
[0] 
[0] > project-manager-backend@1.0.0 dev
[0] > nodemon src/app.ts
[0] 
[0] [33m[nodemon] 3.1.10[39m
[0] [33m[nodemon] to restart at any time, enter `rs`[39m
[0] [33m[nodemon] watching path(s): *.*[39m
[0] [33m[nodemon] watching extensions: ts,json[39m
[0] [32m[nodemon] starting `ts-node src/app.ts`[39m
[1] 
[1]   VITE v4.5.14  ready in 226 ms
[1] 
[1]   âžœ  Local:   http://localhost:3000/
[1]   âžœ  Network: use --host to expose
[0] Attempting to connect to MongoDB...
[0] Connection string: mongodb+srv://lucasfroeschner:****@projectmanager.2veml9g.mongodb.net/project-manager?retryWrites=true&w=majority&appName=ProjectManager
[0] Server running on port 5000
[0] Connected to MongoDB successfully!
Starting Project Manager at Wed Jul  9 20:30:14 PDT 2025

> project-manager@1.0.0 dev
> concurrently "npm run dev --prefix backend" "npm run dev --prefix frontend"

[0] 
[0] > project-manager-backend@1.0.0 dev
[0] > nodemon src/app.ts
[0] 
[1] 
[1] > project-manager-frontend@1.0.0 dev
[1] > vite
[1] 
[0] [33m[nodemon] 3.1.10[39m
[0] [33m[nodemon] to restart at any time, enter `rs`[39m
[0] [33m[nodemon] watching path(s): *.*[39m
[0] [33m[nodemon] watching extensions: ts,json[39m
[0] [32m[nodemon] starting `ts-node src/app.ts`[39m
[1] Port 3000 is in use, trying another one...
[1] 
[1]   VITE v4.5.14  ready in 231 ms
[1] 
[1]   âžœ  Local:   http://localhost:3001/
[1]   âžœ  Network: use --host to expose
[0] Attempting to connect to MongoDB...
[0] Connection string: mongodb+srv://lucasfroeschner:****@projectmanager.2veml9g.mongodb.net/project-manager?retryWrites=true&w=majority&appName=ProjectManager
[0] Error: listen EADDRINUSE: address already in use :::5000
[0]     at Server.setupListenHandle [as _listen2] (node:net:1939:16)
[0]     at listenInCluster (node:net:1996:12)
[0]     at Server.listen (node:net:2101:7)
[0]     at Function.listen (/home/lucas/projects/active/project-manager/backend/node_modules/express/lib/application.js:635:24)
[0]     at Object.<anonymous> (/home/lucas/projects/active/project-manager/backend/src/app.ts:31:5)
[0]     at Module._compile (node:internal/modules/cjs/loader:1730:14)
[0]     at Module.m._compile (/home/lucas/projects/active/project-manager/backend/node_modules/ts-node/src/index.ts:1618:23)
[0]     at node:internal/modules/cjs/loader:1895:10
[0]     at Object.require.extensions.<computed> [as .ts] (/home/lucas/projects/active/project-manager/backend/node_modules/ts-node/src/index.ts:1621:12)
[0]     at Module.load (node:internal/modules/cjs/loader:1465:32) {
[0]   code: 'EADDRINUSE',
[0]   errno: -98,
[0]   syscall: 'listen',
[0]   address: '::',
[0]   port: 5000
[0] }
[0] [31m[nodemon] app crashed - waiting for file changes before starting...[39m
[1] npm run dev --prefix frontend exited with code 0
[1] npm run dev --prefix frontend exited with code 0
[0] Terminated
[0] [31m[nodemon] app crashed - waiting for file changes before starting...[39m
Starting Project Manager at Wed Jul  9 21:12:46 PDT 2025

> project-manager@1.0.0 dev
> concurrently "npm run dev --prefix backend" "npm run dev --prefix frontend"

[0] 
[0] > project-manager-backend@1.0.0 dev
[0] > nodemon src/app.ts
[0] 
[1] 
[1] > project-manager-frontend@1.0.0 dev
[1] > vite
[1] 
[0] [33m[nodemon] 3.1.10[39m
[0] [33m[nodemon] to restart at any time, enter `rs`[39m
[0] [33m[nodemon] watching path(s): *.*[39m
[0] [33m[nodemon] watching extensions: ts,json[39m
[0] [32m[nodemon] starting `ts-node src/app.ts`[39m
[1] 
[1]   VITE v4.5.14  ready in 331 ms
[1] 
[1]   âžœ  Local:   http://localhost:3000/
[1]   âžœ  Network: use --host to expose
[0] Attempting to connect to MongoDB...
[0] Connection string: mongodb+srv://lucasfroeschner:****@projectmanager.2veml9g.mongodb.net/project-manager?retryWrites=true&w=majority&appName=ProjectManager
[0] Server running on port 5000
[0] Connected to MongoDB successfully!
[1] npm run dev --prefix frontend exited with code 0
[0] Terminated
[0] [31m[nodemon] app crashed - waiting for file changes before starting...[39m
Starting Project Manager at Wed Jul  9 21:32:38 PDT 2025

> project-manager@1.0.0 dev
> concurrently "npm run dev --prefix backend" "npm run dev --prefix frontend"

[1] 
[1] > project-manager-frontend@1.0.0 dev
[1] > vite
[1] 
[0] 
[0] > project-manager-backend@1.0.0 dev
[0] > nodemon src/app.ts
[0] 
[0] [33m[nodemon] 3.1.10[39m
[0] [33m[nodemon] to restart at any time, enter `rs`[39m
[0] [33m[nodemon] watching path(s): *.*[39m
[0] [33m[nodemon] watching extensions: ts,json[39m
[0] [32m[nodemon] starting `ts-node src/app.ts`[39m
[1] 
[1]   VITE v4.5.14  ready in 253 ms
[1] 
[1]   âžœ  Local:   http://localhost:3000/
[1]   âžœ  Network: use --host to expose
[0] Attempting to connect to MongoDB...
[0] Connection string: mongodb+srv://lucasfroeschner:****@projectmanager.2veml9g.mongodb.net/project-manager?retryWrites=true&w=majority&appName=ProjectManager
[0] Server running on port 5000
[0] Connected to MongoDB successfully!
[1] 
[1] ðŸŒ¼   daisyUI 4.12.24
[1] â”œâ”€ âœ”ï¸Ž 31 themes added		https://daisyui.com/docs/themes
[1] â•°â”€ â˜… Star daisyUI on GitHub	https://github.com/saadeghi/daisyui
[1] 
[1] (node:602959) [DEP0060] DeprecationWarning: The `util._extend` API is deprecated. Please use Object.assign() instead.
[1] (Use `node --trace-deprecation ...` to show where the warning was created)
Starting Project Manager at Wed Jul  9 22:08:43 PDT 2025

> project-manager@1.0.0 dev
> concurrently "npm run dev --prefix backend" "npm run dev --prefix frontend"

[0] 
[0] > project-manager-backend@1.0.0 dev
[0] > nodemon src/app.ts
[0] 
[1] 
[1] > project-manager-frontend@1.0.0 dev
[1] > vite
[1] 
[0] [33m[nodemon] 3.1.10[39m
[0] [33m[nodemon] to restart at any time, enter `rs`[39m
[0] [33m[nodemon] watching path(s): *.*[39m
[0] [33m[nodemon] watching extensions: ts,json[39m
[0] [32m[nodemon] starting `ts-node src/app.ts`[39m
[1] Port 3000 is in use, trying another one...
[1] 
[1]   VITE v4.5.14  ready in 292 ms
[1] 
[1]   âžœ  Local:   http://localhost:3001/
[1]   âžœ  Network: use --host to expose
[0] Attempting to connect to MongoDB...
[0] Connection string: mongodb+srv://lucasfroeschner:****@projectmanager.2veml9g.mongodb.net/project-manager?retryWrites=true&w=majority&appName=ProjectManager
[0] Error: listen EADDRINUSE: address already in use :::5000
[0]     at Server.setupListenHandle [as _listen2] (node:net:1939:16)
[0]     at listenInCluster (node:net:1996:12)
[0]     at Server.listen (node:net:2101:7)
[0]     at Function.listen (/home/lucas/projects/active/project-manager/backend/node_modules/express/lib/application.js:635:24)
[0]     at Object.<anonymous> (/home/lucas/projects/active/project-manager/backend/src/app.ts:31:5)
[0]     at Module._compile (node:internal/modules/cjs/loader:1730:14)
[0]     at Module.m._compile (/home/lucas/projects/active/project-manager/backend/node_modules/ts-node/src/index.ts:1618:23)
[0]     at node:internal/modules/cjs/loader:1895:10
[0]     at Object.require.extensions.<computed> [as .ts] (/home/lucas/projects/active/project-manager/backend/node_modules/ts-node/src/index.ts:1621:12)
[0]     at Module.load (node:internal/modules/cjs/loader:1465:32) {
[0]   code: 'EADDRINUSE',
[0]   errno: -98,
[0]   syscall: 'listen',
[0]   address: '::',
[0]   port: 5000
[0] }
[0] [31m[nodemon] app crashed - waiting for file changes before starting...[39m
[1] npm run dev --prefix frontend exited with code 0
[1] npm run dev --prefix frontend exited with code 0
[0] Terminated
[0] [31m[nodemon] app crashed - waiting for file changes before starting...[39m
Starting Project Manager at Wed Jul  9 22:10:57 PDT 2025

> project-manager@1.0.0 dev
> concurrently "npm run dev --prefix backend" "npm run dev --prefix frontend"

[1] 
[1] > project-manager-frontend@1.0.0 dev
[1] > vite
[1] 
[0] 
[0] > project-manager-backend@1.0.0 dev
[0] > nodemon src/app.ts
[0] 
[0] [33m[nodemon] 3.1.10[39m
[0] [33m[nodemon] to restart at any time, enter `rs`[39m
[0] [33m[nodemon] watching path(s): *.*[39m
[0] [33m[nodemon] watching extensions: ts,json[39m
[0] [32m[nodemon] starting `ts-node src/app.ts`[39m
[1] 
[1]   VITE v4.5.14  ready in 223 ms
[1] 
[1]   âžœ  Local:   http://localhost:3000/
[1]   âžœ  Network: use --host to expose
[1] 
[1] ðŸŒ¼   daisyUI 4.12.24
[1] â”œâ”€ âœ”ï¸Ž 31 themes added		https://daisyui.com/docs/themes
[1] â•°â”€ â¤ï¸Ž Support daisyUI project:	https://opencollective.com/daisyui
[1] 
[1] (node:649665) [DEP0060] DeprecationWarning: The `util._extend` API is deprecated. Please use Object.assign() instead.
[1] (Use `node --trace-deprecation ...` to show where the warning was created)
[1] 10:10:59 PM [vite] http proxy error at /api/auth/me:
[1] Error: connect ECONNREFUSED 127.0.0.1:5000
[1]     at TCPConnectWrap.afterConnect [as oncomplete] (node:net:1636:16)
[1] 10:10:59 PM [vite] http proxy error at /api/projects:
[1] Error: connect ECONNREFUSED 127.0.0.1:5000
[1]     at TCPConnectWrap.afterConnect [as oncomplete] (node:net:1636:16)
[1] 10:10:59 PM [vite] http proxy error at /api/auth/me:
[1] Error: connect ECONNREFUSED 127.0.0.1:5000
[1]     at TCPConnectWrap.afterConnect [as oncomplete] (node:net:1636:16)
[1] 10:10:59 PM [vite] http proxy error at /api/projects:
[1] Error: connect ECONNREFUSED 127.0.0.1:5000
[1]     at TCPConnectWrap.afterConnect [as oncomplete] (node:net:1636:16)
[0] Attempting to connect to MongoDB...
[0] Connection string: mongodb+srv://lucasfroeschner:****@projectmanager.2veml9g.mongodb.net/project-manager?retryWrites=true&w=majority&appName=ProjectManager
[0] Server running on port 5000
[0] Connected to MongoDB successfully!
Starting Project Manager at Wed Jul  9 22:30:47 PDT 2025

> project-manager@1.0.0 dev
> concurrently "npm run dev --prefix backend" "npm run dev --prefix frontend"

[0] 
[0] > project-manager-backend@1.0.0 dev
[0] > nodemon src/app.ts
[0] 
[1] 
[1] > project-manager-frontend@1.0.0 dev
[1] > vite
[1] 
[0] [33m[nodemon] 3.1.10[39m
[0] [33m[nodemon] to restart at any time, enter `rs`[39m
[0] [33m[nodemon] watching path(s): *.*[39m
[0] [33m[nodemon] watching extensions: ts,json[39m
[0] [32m[nodemon] starting `ts-node src/app.ts`[39m
[1] Port 3000 is in use, trying another one...
[1] 
[1]   VITE v4.5.14  ready in 229 ms
[1] 
[1]   âžœ  Local:   http://localhost:3001/
[1]   âžœ  Network: use --host to expose
[0] Attempting to connect to MongoDB...
[0] Connection string: mongodb+srv://lucasfroeschner:****@projectmanager.2veml9g.mongodb.net/project-manager?retryWrites=true&w=majority&appName=ProjectManager
[0] Error: listen EADDRINUSE: address already in use :::5000
[0]     at Server.setupListenHandle [as _listen2] (node:net:1939:16)
[0]     at listenInCluster (node:net:1996:12)
[0]     at Server.listen (node:net:2101:7)
[0]     at Function.listen (/home/lucas/projects/active/project-manager/backend/node_modules/express/lib/application.js:635:24)
[0]     at Object.<anonymous> (/home/lucas/projects/active/project-manager/backend/src/app.ts:31:5)
[0]     at Module._compile (node:internal/modules/cjs/loader:1730:14)
[0]     at Module.m._compile (/home/lucas/projects/active/project-manager/backend/node_modules/ts-node/src/index.ts:1618:23)
[0]     at node:internal/modules/cjs/loader:1895:10
[0]     at Object.require.extensions.<computed> [as .ts] (/home/lucas/projects/active/project-manager/backend/node_modules/ts-node/src/index.ts:1621:12)
[0]     at Module.load (node:internal/modules/cjs/loader:1465:32) {
[0]   code: 'EADDRINUSE',
[0]   errno: -98,
[0]   syscall: 'listen',
[0]   address: '::',
[0]   port: 5000
[0] }
[0] [31m[nodemon] app crashed - waiting for file changes before starting...[39m
[1] npm run dev --prefix frontend exited with code 0
[1] npm run dev --prefix frontend exited with code 0
[0] Terminated
[0] [31m[nodemon] app crashed - waiting for file changes before starting...[39m
Starting Project Manager at Wed Jul  9 22:47:59 PDT 2025

> project-manager@1.0.0 dev
> concurrently "npm run dev --prefix backend" "npm run dev --prefix frontend"

[1] 
[1] > project-manager-frontend@1.0.0 dev
[1] > vite
[1] 
[0] 
[0] > project-manager-backend@1.0.0 dev
[0] > nodemon src/app.ts
[0] 
[0] [33m[nodemon] 3.1.10[39m
[0] [33m[nodemon] to restart at any time, enter `rs`[39m
[0] [33m[nodemon] watching path(s): *.*[39m
[0] [33m[nodemon] watching extensions: ts,json[39m
[0] [32m[nodemon] starting `ts-node src/app.ts`[39m
[1] 
[1]   VITE v4.5.14  ready in 315 ms
[1] 
[1]   âžœ  Local:   http://localhost:3000/
[1]   âžœ  Network: use --host to expose
[1] 
[1] ðŸŒ¼   daisyUI 4.12.24
[1] â”œâ”€ âœ”ï¸Ž 31 themes added		https://daisyui.com/docs/themes
[1] â•°â”€ â˜… Star daisyUI on GitHub	https://github.com/saadeghi/daisyui
[1] 
[1] (node:685123) [DEP0060] DeprecationWarning: The `util._extend` API is deprecated. Please use Object.assign() instead.
[1] (Use `node --trace-deprecation ...` to show where the warning was created)
[1] 10:48:02 PM [vite] http proxy error at /api/auth/me:
[1] Error: connect ECONNREFUSED 127.0.0.1:5000
[1]     at TCPConnectWrap.afterConnect [as oncomplete] (node:net:1636:16)
[1] 10:48:02 PM [vite] http proxy error at /api/projects:
[1] Error: connect ECONNREFUSED 127.0.0.1:5000
[1]     at TCPConnectWrap.afterConnect [as oncomplete] (node:net:1636:16)
[1] 10:48:02 PM [vite] http proxy error at /api/auth/me:
[1] Error: connect ECONNREFUSED 127.0.0.1:5000
[1]     at TCPConnectWrap.afterConnect [as oncomplete] (node:net:1636:16)
[1] 10:48:02 PM [vite] http proxy error at /api/projects:
[1] Error: connect ECONNREFUSED 127.0.0.1:5000
[1]     at TCPConnectWrap.afterConnect [as oncomplete] (node:net:1636:16)
[0] Attempting to connect to MongoDB...
[0] Connection string: mongodb+srv://lucasfroeschner:****@projectmanager.2veml9g.mongodb.net/project-manager?retryWrites=true&w=majority&appName=ProjectManager
[0] Server running on port 5000
[0] Connected to MongoDB successfully!
Starting Project Manager at Wed Jul  9 22:49:21 PDT 2025

> project-manager@1.0.0 dev
> concurrently "npm run dev --prefix backend" "npm run dev --prefix frontend"

[0] 
[0] > project-manager-backend@1.0.0 dev
[0] > nodemon src/app.ts
[0] 
[1] 
[1] > project-manager-frontend@1.0.0 dev
[1] > vite
[1] 
[0] [33m[nodemon] 3.1.10[39m
[0] [33m[nodemon] to restart at any time, enter `rs`[39m
[0] [33m[nodemon] watching path(s): *.*[39m
[0] [33m[nodemon] watching extensions: ts,json[39m
[0] [32m[nodemon] starting `ts-node src/app.ts`[39m
[1] Port 3000 is in use, trying another one...
[1] 
[1]   VITE v4.5.14  ready in 226 ms
[1] 
[1]   âžœ  Local:   http://localhost:3001/
[1]   âžœ  Network: use --host to expose
[0] Attempting to connect to MongoDB...
[0] Connection string: mongodb+srv://lucasfroeschner:****@projectmanager.2veml9g.mongodb.net/project-manager?retryWrites=true&w=majority&appName=ProjectManager
[0] Error: listen EADDRINUSE: address already in use :::5000
[0]     at Server.setupListenHandle [as _listen2] (node:net:1939:16)
[0]     at listenInCluster (node:net:1996:12)
[0]     at Server.listen (node:net:2101:7)
[0]     at Function.listen (/home/lucas/projects/active/project-manager/backend/node_modules/express/lib/application.js:635:24)
[0]     at Object.<anonymous> (/home/lucas/projects/active/project-manager/backend/src/app.ts:31:5)
[0]     at Module._compile (node:internal/modules/cjs/loader:1730:14)
[0]     at Module.m._compile (/home/lucas/projects/active/project-manager/backend/node_modules/ts-node/src/index.ts:1618:23)
[0]     at node:internal/modules/cjs/loader:1895:10
[0]     at Object.require.extensions.<computed> [as .ts] (/home/lucas/projects/active/project-manager/backend/node_modules/ts-node/src/index.ts:1621:12)
[0]     at Module.load (node:internal/modules/cjs/loader:1465:32) {
[0]   code: 'EADDRINUSE',
[0]   errno: -98,
[0]   syscall: 'listen',
[0]   address: '::',
[0]   port: 5000
[0] }
[0] [31m[nodemon] app crashed - waiting for file changes before starting...[39m
[1] npm run dev --prefix frontend exited with code 0
[1] npm run dev --prefix frontend exited with code 0
[0] Terminated
[0] [31m[nodemon] app crashed - waiting for file changes before starting...[39m
Starting Project Manager at Thu Jul 10 09:13:12 PDT 2025

> project-manager@1.0.0 dev
> concurrently "npm run dev --prefix backend" "npm run dev --prefix frontend"

[1] 
[1] > project-manager-frontend@1.0.0 dev
[1] > vite
[1] 
[0] 
[0] > project-manager-backend@1.0.0 dev
[0] > nodemon src/app.ts
[0] 
[0] [33m[nodemon] 3.1.10[39m
[0] [33m[nodemon] to restart at any time, enter `rs`[39m
[0] [33m[nodemon] watching path(s): *.*[39m
[0] [33m[nodemon] watching extensions: ts,json[39m
[0] [32m[nodemon] starting `ts-node src/app.ts`[39m
[1] 
[1]   VITE v4.5.14  ready in 274 ms
[1] 
[1]   âžœ  Local:   http://localhost:3000/
[1]   âžœ  Network: use --host to expose
[0] Attempting to connect to MongoDB...
[0] Connection string: mongodb+srv://lucasfroeschner:****@projectmanager.2veml9g.mongodb.net/project-manager?retryWrites=true&w=majority&appName=ProjectManager
[0] Server running on port 5000
[0] Connected to MongoDB successfully!
[1] 
[1] ðŸŒ¼   daisyUI 4.12.24
[1] â”œâ”€ âœ”ï¸Ž 31 themes added		https://daisyui.com/docs/themes
[1] â•°â”€ â¤ï¸Ž Support daisyUI project:	https://opencollective.com/daisyui
[1] 
[1] (node:5104) [DEP0060] DeprecationWarning: The `util._extend` API is deprecated. Please use Object.assign() instead.
[1] (Use `node --trace-deprecation ...` to show where the warning was created)
[1] npm run dev --prefix frontend exited with code SIGTERM
[0] npm run dev --prefix backend exited with code SIGTERM
Starting Project Manager at Thu Jul 10 09:29:11 PDT 2025

> project-manager@1.0.0 dev
> concurrently "npm run dev --prefix backend" "npm run dev --prefix frontend"

[0] 
[0] > project-manager-backend@1.0.0 dev
[0] > nodemon src/app.ts
[0] 
[1] 
[1] > project-manager-frontend@1.0.0 dev
[1] > vite
[1] 
[0] [33m[nodemon] 3.1.10[39m
[0] [33m[nodemon] to restart at any time, enter `rs`[39m
[0] [33m[nodemon] watching path(s): *.*[39m
[0] [33m[nodemon] watching extensions: ts,json[39m
[0] [32m[nodemon] starting `ts-node src/app.ts`[39m
[1] 
[1]   VITE v4.5.14  ready in 226 ms
[1] 
[1]   âžœ  Local:   http://localhost:3000/
[1]   âžœ  Network: use --host to expose
[0] Attempting to connect to MongoDB...
[0] Connection string: mongodb+srv://lucasfroeschner:****@projectmanager.2veml9g.mongodb.net/project-manager?retryWrites=true&w=majority&appName=ProjectManager
[0] Server running on port 5000
[0] Connected to MongoDB successfully!
[1] 
[1] ðŸŒ¼   daisyUI 4.12.24
[1] â”œâ”€ âœ”ï¸Ž 31 themes added		https://daisyui.com/docs/themes
[1] â•°â”€ â¤ï¸Ž Support daisyUI project:	https://opencollective.com/daisyui
[1] 
[1] (node:22354) [DEP0060] DeprecationWarning: The `util._extend` API is deprecated. Please use Object.assign() instead.
[1] (Use `node --trace-deprecation ...` to show where the warning was created)
[1] npm run dev --prefix frontend exited with code SIGTERM
[0] npm run dev --prefix backend exited with code SIGTERM
Starting Project Manager at Thu Jul 10 09:42:30 PDT 2025

> project-manager@1.0.0 dev
> concurrently "npm run dev --prefix backend" "npm run dev --prefix frontend"

[0] 
[0] > project-manager-backend@1.0.0 dev
[0] > nodemon src/app.ts
[0] 
[1] 
[1] > project-manager-frontend@1.0.0 dev
[1] > vite
[1] 
[0] [33m[nodemon] 3.1.10[39m
[0] [33m[nodemon] to restart at any time, enter `rs`[39m
[0] [33m[nodemon] watching path(s): *.*[39m
[0] [33m[nodemon] watching extensions: ts,json[39m
[0] [32m[nodemon] starting `ts-node src/app.ts`[39m
[1] 
[1]   VITE v4.5.14  ready in 215 ms
[1] 
[1]   âžœ  Local:   http://localhost:3000/
[1]   âžœ  Network: use --host to expose
[0] Attempting to connect to MongoDB...
[0] Connection string: mongodb+srv://lucasfroeschner:****@projectmanager.2veml9g.mongodb.net/project-manager?retryWrites=true&w=majority&appName=ProjectManager
[0] Server running on port 5000
[0] Connected to MongoDB successfully!
[1] 
[1] ðŸŒ¼   daisyUI 4.12.24
[1] â”œâ”€ âœ”ï¸Ž 31 themes added		https://daisyui.com/docs/themes
[1] â•°â”€ â˜… Star daisyUI on GitHub	https://github.com/saadeghi/daisyui
[1] 
[1] (node:41833) [DEP0060] DeprecationWarning: The `util._extend` API is deprecated. Please use Object.assign() instead.
[1] (Use `node --trace-deprecation ...` to show where the warning was created)
[1] npm run dev --prefix frontend exited with code SIGTERM
[0] npm run dev --prefix backend exited with code SIGTERM
Starting Project Manager at Thu Jul 10 09:50:11 PDT 2025

> project-manager@1.0.0 dev
> concurrently "npm run dev --prefix backend" "npm run dev --prefix frontend"

[1] 
[1] > project-manager-frontend@1.0.0 dev
[1] > vite
[1] 
[0] 
[0] > project-manager-backend@1.0.0 dev
[0] > nodemon src/app.ts
[0] 
[0] [33m[nodemon] 3.1.10[39m
[0] [33m[nodemon] to restart at any time, enter `rs`[39m
[0] [33m[nodemon] watching path(s): *.*[39m
[0] [33m[nodemon] watching extensions: ts,json[39m
[0] [32m[nodemon] starting `ts-node src/app.ts`[39m
[1] 
[1]   VITE v4.5.14  ready in 218 ms
[1] 
[1]   âžœ  Local:   http://localhost:3000/
[1]   âžœ  Network: use --host to expose
[0] Attempting to connect to MongoDB...
[0] Connection string: mongodb+srv://lucasfroeschner:****@projectmanager.2veml9g.mongodb.net/project-manager?retryWrites=true&w=majority&appName=ProjectManager
[0] Server running on port 5000
[0] Connected to MongoDB successfully!
[1] npm run dev --prefix frontend exited with code SIGTERM
[0] npm run dev --prefix backend exited with code SIGTERM
Starting Project Manager at Thu Jul 10 09:51:46 PDT 2025

> project-manager@1.0.0 dev
> concurrently "npm run dev --prefix backend" "npm run dev --prefix frontend"

[0] 
[0] > project-manager-backend@1.0.0 dev
[0] > nodemon src/app.ts
[0] 
[1] 
[1] > project-manager-frontend@1.0.0 dev
[1] > vite
[1] 
[0] [33m[nodemon] 3.1.10[39m
[0] [33m[nodemon] to restart at any time, enter `rs`[39m
[0] [33m[nodemon] watching path(s): *.*[39m
[0] [33m[nodemon] watching extensions: ts,json[39m
[0] [32m[nodemon] starting `ts-node src/app.ts`[39m
[1] 
[1]   VITE v4.5.14  ready in 220 ms
[1] 
[1]   âžœ  Local:   http://localhost:3000/
[1]   âžœ  Network: use --host to expose
[0] Attempting to connect to MongoDB...
[0] Connection string: mongodb+srv://lucasfroeschner:****@projectmanager.2veml9g.mongodb.net/project-manager?retryWrites=true&w=majority&appName=ProjectManager
[0] Server running on port 5000
[0] Connected to MongoDB successfully!
[1] npm run dev --prefix frontend exited with code SIGTERM
[0] npm run dev --prefix backend exited with code SIGTERM
Starting Project Manager at Thu Jul 10 10:02:16 PDT 2025

> project-manager@1.0.0 dev
> concurrently "npm run dev --prefix backend" "npm run dev --prefix frontend"

[0] 
[0] > project-manager-backend@1.0.0 dev
[0] > nodemon src/app.ts
[0] 
[1] 
[1] > project-manager-frontend@1.0.0 dev
[1] > vite
[1] 
[0] [33m[nodemon] 3.1.10[39m
[0] [33m[nodemon] to restart at any time, enter `rs`[39m
[0] [33m[nodemon] watching path(s): *.*[39m
[0] [33m[nodemon] watching extensions: ts,json[39m
[0] [32m[nodemon] starting `ts-node src/app.ts`[39m
[1] 
[1]   VITE v4.5.14  ready in 224 ms
[1] 
[1]   âžœ  Local:   http://localhost:3000/
[1]   âžœ  Network: use --host to expose
[0] Attempting to connect to MongoDB...
[0] Connection string: mongodb+srv://lucasfroeschner:****@projectmanager.2veml9g.mongodb.net/project-manager?retryWrites=true&w=majority&appName=ProjectManager
[0] Server running on port 5000
[0] Connected to MongoDB successfully!
[1] npm run dev --prefix frontend exited with code SIGTERM
[0] npm run dev --prefix backend exited with code SIGTERM
Starting Project Manager at Thu Jul 10 10:09:18 PDT 2025

> project-manager@1.0.0 dev
> concurrently "npm run dev --prefix backend" "npm run dev --prefix frontend"

[0] 
[0] > project-manager-backend@1.0.0 dev
[0] > nodemon src/app.ts
[0] 
[1] 
[1] > project-manager-frontend@1.0.0 dev
[1] > vite
[1] 
[0] [33m[nodemon] 3.1.10[39m
[0] [33m[nodemon] to restart at any time, enter `rs`[39m
[0] [33m[nodemon] watching path(s): *.*[39m
[0] [33m[nodemon] watching extensions: ts,json[39m
[0] [32m[nodemon] starting `ts-node src/app.ts`[39m
[1] 
[1]   VITE v4.5.14  ready in 224 ms
[1] 
[1]   âžœ  Local:   http://localhost:3000/
[1]   âžœ  Network: use --host to expose
[0] Attempting to connect to MongoDB...
[0] Connection string: mongodb+srv://lucasfroeschner:****@projectmanager.2veml9g.mongodb.net/project-manager?retryWrites=true&w=majority&appName=ProjectManager
[0] Server running on port 5000
[0] Connected to MongoDB successfully!
[1] npm run dev --prefix frontend exited with code SIGTERM
[0] npm run dev --prefix backend exited with code SIGTERM
Starting Project Manager at Thu Jul 10 10:24:41 PDT 2025

> project-manager@1.0.0 dev
> concurrently "npm run dev --prefix backend" "npm run dev --prefix frontend"

[0] 
[0] > project-manager-backend@1.0.0 dev
[0] > nodemon src/app.ts
[0] 
[1] 
[1] > project-manager-frontend@1.0.0 dev
[1] > vite
[1] 
[0] [33m[nodemon] 3.1.10[39m
[0] [33m[nodemon] to restart at any time, enter `rs`[39m
[0] [33m[nodemon] watching path(s): *.*[39m
[0] [33m[nodemon] watching extensions: ts,json[39m
[0] [32m[nodemon] starting `ts-node src/app.ts`[39m
[1] 
[1]   VITE v4.5.14  ready in 212 ms
[1] 
[1]   âžœ  Local:   http://localhost:3000/
[1]   âžœ  Network: use --host to expose
[0] Attempting to connect to MongoDB...
[0] Connection string: mongodb+srv://lucasfroeschner:****@projectmanager.2veml9g.mongodb.net/project-manager?retryWrites=true&w=majority&appName=ProjectManager
[0] Server running on port 5000
[0] Connected to MongoDB successfully!
[1] npm run dev --prefix frontend exited with code SIGTERM
[0] npm run dev --prefix backend exited with code SIGTERM
Starting Project Manager at Thu Jul 10 10:31:17 PDT 2025

> project-manager@1.0.0 dev
> concurrently "npm run dev --prefix backend" "npm run dev --prefix frontend"

[0] 
[0] > project-manager-backend@1.0.0 dev
[0] > nodemon src/app.ts
[0] 
[1] 
[1] > project-manager-frontend@1.0.0 dev
[1] > vite
[1] 
[0] [33m[nodemon] 3.1.10[39m
[0] [33m[nodemon] to restart at any time, enter `rs`[39m
[0] [33m[nodemon] watching path(s): *.*[39m
[0] [33m[nodemon] watching extensions: ts,json[39m
[0] [32m[nodemon] starting `ts-node src/app.ts`[39m
[1] 
[1]   VITE v4.5.14  ready in 255 ms
[1] 
[1]   âžœ  Local:   http://localhost:3000/
[1]   âžœ  Network: use --host to expose
[0] Attempting to connect to MongoDB...
[0] Connection string: mongodb+srv://lucasfroeschner:****@projectmanager.2veml9g.mongodb.net/project-manager?retryWrites=true&w=majority&appName=ProjectManager
[0] Server running on port 5000
[0] Connected to MongoDB successfully!
[1] npm run dev --prefix frontend exited with code SIGTERM
[0] npm run dev --prefix backend exited with code SIGTERM
Starting Project Manager at Thu Jul 10 10:31:57 PDT 2025

> project-manager@1.0.0 dev
> concurrently "npm run dev --prefix backend" "npm run dev --prefix frontend"

[0] 
[0] > project-manager-backend@1.0.0 dev
[0] > nodemon src/app.ts
[0] 
[1] 
[1] > project-manager-frontend@1.0.0 dev
[1] > vite
[1] 
[0] [33m[nodemon] 3.1.10[39m
[0] [33m[nodemon] to restart at any time, enter `rs`[39m
[0] [33m[nodemon] watching path(s): *.*[39m
[0] [33m[nodemon] watching extensions: ts,json[39m
[0] [32m[nodemon] starting `ts-node src/app.ts`[39m
[1] 
[1]   VITE v4.5.14  ready in 260 ms
[1] 
[1]   âžœ  Local:   http://localhost:3000/
[1]   âžœ  Network: use --host to expose
[0] Attempting to connect to MongoDB...
[0] Connection string: mongodb+srv://lucasfroeschner:****@projectmanager.2veml9g.mongodb.net/project-manager?retryWrites=true&w=majority&appName=ProjectManager
[0] Server running on port 5000
[0] Connected to MongoDB successfully!
[1] npm run dev --prefix frontend exited with code SIGTERM
[0] npm run dev --prefix backend exited with code SIGTERM
Starting Project Manager at Thu Jul 10 10:37:52 PDT 2025

> project-manager@1.0.0 dev
> concurrently "npm run dev --prefix backend" "npm run dev --prefix frontend"

[1] 
[1] > project-manager-frontend@1.0.0 dev
[1] > vite
[1] 
[0] 
[0] > project-manager-backend@1.0.0 dev
[0] > nodemon src/app.ts
[0] 
[0] [33m[nodemon] 3.1.10[39m
[0] [33m[nodemon] to restart at any time, enter `rs`[39m
[0] [33m[nodemon] watching path(s): *.*[39m
[0] [33m[nodemon] watching extensions: ts,json[39m
[0] [32m[nodemon] starting `ts-node src/app.ts`[39m
[1] 
[1]   VITE v4.5.14  ready in 243 ms
[1] 
[1]   âžœ  Local:   http://localhost:3000/
[1]   âžœ  Network: use --host to expose
[0] Attempting to connect to MongoDB...
[0] Connection string: mongodb+srv://lucasfroeschner:****@projectmanager.2veml9g.mongodb.net/project-manager?retryWrites=true&w=majority&appName=ProjectManager
[0] Server running on port 5000
[0] Connected to MongoDB successfully!
[1] npm run dev --prefix frontend exited with code SIGTERM
[0] npm run dev --prefix backend exited with code SIGTERM
Starting Project Manager at Thu Jul 10 10:38:11 PDT 2025

> project-manager@1.0.0 dev
> concurrently "npm run dev --prefix backend" "npm run dev --prefix frontend"

[0] 
[0] > project-manager-backend@1.0.0 dev
[0] > nodemon src/app.ts
[0] 
[1] 
[1] > project-manager-frontend@1.0.0 dev
[1] > vite
[1] 
[0] [33m[nodemon] 3.1.10[39m
[0] [33m[nodemon] to restart at any time, enter `rs`[39m
[0] [33m[nodemon] watching path(s): *.*[39m
[0] [33m[nodemon] watching extensions: ts,json[39m
[0] [32m[nodemon] starting `ts-node src/app.ts`[39m
[1] 
[1]   VITE v4.5.14  ready in 252 ms
[1] 
[1]   âžœ  Local:   http://localhost:3000/
[1]   âžœ  Network: use --host to expose
[0] Attempting to connect to MongoDB...
[0] Connection string: mongodb+srv://lucasfroeschner:****@projectmanager.2veml9g.mongodb.net/project-manager?retryWrites=true&w=majority&appName=ProjectManager
[0] Server running on port 5000
[0] Connected to MongoDB successfully!
[1] 
[1] ðŸŒ¼   daisyUI 4.12.24
[1] â”œâ”€ âœ”ï¸Ž 31 themes added		https://daisyui.com/docs/themes
[1] â•°â”€ â˜… Star daisyUI on GitHub	https://github.com/saadeghi/daisyui
[1] 
[1] (node:114504) [DEP0060] DeprecationWarning: The `util._extend` API is deprecated. Please use Object.assign() instead.
[1] (Use `node --trace-deprecation ...` to show where the warning was created)
[1] npm run dev --prefix frontend exited with code SIGTERM
[0] npm run dev --prefix backend exited with code SIGTERM
Starting Project Manager at Thu Jul 10 10:45:28 PDT 2025

> project-manager@1.0.0 dev
> concurrently "npm run dev --prefix backend" "npm run dev --prefix frontend"

[1] 
[1] > project-manager-frontend@1.0.0 dev
[1] > vite
[1] 
[0] 
[0] > project-manager-backend@1.0.0 dev
[0] > nodemon src/app.ts
[0] 
[0] [33m[nodemon] 3.1.10[39m
[0] [33m[nodemon] to restart at any time, enter `rs`[39m
[0] [33m[nodemon] watching path(s): *.*[39m
[0] [33m[nodemon] watching extensions: ts,json[39m
[0] [32m[nodemon] starting `ts-node src/app.ts`[39m
[1] 
[1]   VITE v4.5.14  ready in 277 ms
[1] 
[1]   âžœ  Local:   http://localhost:3000/
[1]   âžœ  Network: use --host to expose
[0] Attempting to connect to MongoDB...
[0] Connection string: mongodb+srv://lucasfroeschner:****@projectmanager.2veml9g.mongodb.net/project-manager?retryWrites=true&w=majority&appName=ProjectManager
[0] Server running on port 5000
[0] Connected to MongoDB successfully!
[1] npm run dev --prefix frontend exited with code SIGTERM
[0] npm run dev --prefix backend exited with code SIGTERM
Starting Project Manager at Thu Jul 10 10:45:44 PDT 2025

> project-manager@1.0.0 dev
> concurrently "npm run dev --prefix backend" "npm run dev --prefix frontend"

[0] 
[0] > project-manager-backend@1.0.0 dev
[0] > nodemon src/app.ts
[0] 
[1] 
[1] > project-manager-frontend@1.0.0 dev
[1] > vite
[1] 
[0] [33m[nodemon] 3.1.10[39m
[0] [33m[nodemon] to restart at any time, enter `rs`[39m
[0] [33m[nodemon] watching path(s): *.*[39m
[0] [33m[nodemon] watching extensions: ts,json[39m
[0] [32m[nodemon] starting `ts-node src/app.ts`[39m
[1] 
[1]   VITE v4.5.14  ready in 261 ms
[1] 
[1]   âžœ  Local:   http://localhost:3000/
[1]   âžœ  Network: use --host to expose
[0] Attempting to connect to MongoDB...
[0] Connection string: mongodb+srv://lucasfroeschner:****@projectmanager.2veml9g.mongodb.net/project-manager?retryWrites=true&w=majority&appName=ProjectManager
[0] Server running on port 5000
[0] Connected to MongoDB successfully!
[1] npm run dev --prefix frontend exited with code 0
[0] Terminated
[0] [31m[nodemon] app crashed - waiting for file changes before starting...[39m
[0] npm run dev --prefix backend exited with code SIGTERM
Starting Project Manager at Thu Jul 10 10:47:46 PDT 2025

> project-manager@1.0.0 dev
> concurrently "npm run dev --prefix backend" "npm run dev --prefix frontend"

[1] 
[1] > project-manager-frontend@1.0.0 dev
[1] > vite
[1] 
[0] 
[0] > project-manager-backend@1.0.0 dev
[0] > nodemon src/app.ts
[0] 
[0] [33m[nodemon] 3.1.10[39m
[0] [33m[nodemon] to restart at any time, enter `rs`[39m
[0] [33m[nodemon] watching path(s): *.*[39m
[0] [33m[nodemon] watching extensions: ts,json[39m
[0] [32m[nodemon] starting `ts-node src/app.ts`[39m
[1] 
[1]   VITE v4.5.14  ready in 254 ms
[1] 
[1]   âžœ  Local:   http://localhost:3000/
[1]   âžœ  Network: use --host to expose
[0] Attempting to connect to MongoDB...
[0] Connection string: mongodb+srv://lucasfroeschner:****@projectmanager.2veml9g.mongodb.net/project-manager?retryWrites=true&w=majority&appName=ProjectManager
[0] Server running on port 5000
[0] Connected to MongoDB successfully!
[0] Terminated
[0] [31m[nodemon] app crashed - waiting for file changes before starting...[39m
[0] npm run dev --prefix backend exited with code SIGTERM
[1] npm run dev --prefix frontend exited with code SIGTERM
Starting Project Manager at Thu Jul 10 10:50:45 PDT 2025

> project-manager@1.0.0 dev
> concurrently "npm run dev --prefix backend" "npm run dev --prefix frontend"

[0] 
[0] > project-manager-backend@1.0.0 dev
[0] > nodemon src/app.ts
[0] 
[1] 
[1] > project-manager-frontend@1.0.0 dev
[1] > vite
[1] 
[0] [33m[nodemon] 3.1.10[39m
[0] [33m[nodemon] to restart at any time, enter `rs`[39m
[0] [33m[nodemon] watching path(s): *.*[39m
[0] [33m[nodemon] watching extensions: ts,json[39m
[0] [32m[nodemon] starting `ts-node src/app.ts`[39m
[1] 
[1]   VITE v4.5.14  ready in 260 ms
[1] 
[1]   âžœ  Local:   http://localhost:3000/
[1]   âžœ  Network: use --host to expose
[0] Attempting to connect to MongoDB...
[0] Connection string: mongodb+srv://lucasfroeschner:****@projectmanager.2veml9g.mongodb.net/project-manager?retryWrites=true&w=majority&appName=ProjectManager
[0] Server running on port 5000
[0] Connected to MongoDB successfully!
[1] npm run dev --prefix frontend exited with code SIGTERM
[0] npm run dev --prefix backend exited with code SIGTERM
Starting Project Manager at Thu Jul 10 10:52:54 PDT 2025

> project-manager@1.0.0 dev
> concurrently "npm run dev --prefix backend" "npm run dev --prefix frontend"

[0] 
[0] > project-manager-backend@1.0.0 dev
[0] > nodemon src/app.ts
[0] 
[1] 
[1] > project-manager-frontend@1.0.0 dev
[1] > vite
[1] 
[0] [33m[nodemon] 3.1.10[39m
[0] [33m[nodemon] to restart at any time, enter `rs`[39m
[0] [33m[nodemon] watching path(s): *.*[39m
[0] [33m[nodemon] watching extensions: ts,json[39m
[0] [32m[nodemon] starting `ts-node src/app.ts`[39m
[1] 
[1]   VITE v4.5.14  ready in 261 ms
[1] 
[1]   âžœ  Local:   http://localhost:3000/
[1]   âžœ  Network: use --host to expose
[0] Attempting to connect to MongoDB...
[0] Connection string: mongodb+srv://lucasfroeschner:****@projectmanager.2veml9g.mongodb.net/project-manager?retryWrites=true&w=majority&appName=ProjectManager
[0] Server running on port 5000
[0] Connected to MongoDB successfully!
[1] npm run dev --prefix frontend exited with code SIGTERM
[0] npm run dev --prefix backend exited with code SIGTERM
Starting Project Manager at Thu Jul 10 10:58:34 PDT 2025

> project-manager@1.0.0 dev
> concurrently "npm run dev --prefix backend" "npm run dev --prefix frontend"

[1] 
[1] > project-manager-frontend@1.0.0 dev
[1] > vite
[1] 
[0] 
[0] > project-manager-backend@1.0.0 dev
[0] > nodemon src/app.ts
[0] 
[0] [33m[nodemon] 3.1.10[39m
[0] [33m[nodemon] to restart at any time, enter `rs`[39m
[0] [33m[nodemon] watching path(s): *.*[39m
[0] [33m[nodemon] watching extensions: ts,json[39m
[0] [32m[nodemon] starting `ts-node src/app.ts`[39m
[1] 
[1]   VITE v4.5.14  ready in 223 ms
[1] 
[1]   âžœ  Local:   http://localhost:3000/
[1]   âžœ  Network: use --host to expose
[0] Attempting to connect to MongoDB...
[0] Connection string: mongodb+srv://lucasfroeschner:****@projectmanager.2veml9g.mongodb.net/project-manager?retryWrites=true&w=majority&appName=ProjectManager
[0] Server running on port 5000
[0] Connected to MongoDB successfully!
[0] Killed
[0] [31m[nodemon] app crashed - waiting for file changes before starting...[39m
[1] Killed
[1] npm run dev --prefix frontend exited with code 137
Starting Project Manager at Thu Jul 10 10:59:21 PDT 2025

> project-manager@1.0.0 dev
> concurrently "npm run dev --prefix backend" "npm run dev --prefix frontend"

[0] 
[0] > project-manager-backend@1.0.0 dev
[0] > nodemon src/app.ts
[0] 
[1] 
[1] > project-manager-frontend@1.0.0 dev
[1] > vite
[1] 
[0] [33m[nodemon] 3.1.10[39m
[0] [33m[nodemon] to restart at any time, enter `rs`[39m
[0] [33m[nodemon] watching path(s): *.*[39m
[0] [33m[nodemon] watching extensions: ts,json[39m
[0] [32m[nodemon] starting `ts-node src/app.ts`[39m
[1] 
[1]   VITE v4.5.14  ready in 234 ms
[1] 
[1]   âžœ  Local:   http://localhost:3000/
[1]   âžœ  Network: use --host to expose
[0] Attempting to connect to MongoDB...
[0] Connection string: mongodb+srv://lucasfroeschner:****@projectmanager.2veml9g.mongodb.net/project-manager?retryWrites=true&w=majority&appName=ProjectManager
[0] Server running on port 5000
[0] Connected to MongoDB successfully!
[1] 
[1] ðŸŒ¼   daisyUI 4.12.24
[1] â”œâ”€ âœ”ï¸Ž 31 themes added		https://daisyui.com/docs/themes
[1] â•°â”€ â¤ï¸Ž Support daisyUI project:	https://opencollective.com/daisyui
[1] 
[1] (node:146284) [DEP0060] DeprecationWarning: The `util._extend` API is deprecated. Please use Object.assign() instead.
[1] (Use `node --trace-deprecation ...` to show where the warning was created)
[1] Killed
[1] npm run dev --prefix frontend exited with code 137
[0] Killed
[0] [31m[nodemon] app crashed - waiting for file changes before starting...[39m
Starting Project Manager at Thu Jul 10 11:22:16 PDT 2025

> project-manager@1.0.0 dev
> concurrently "npm run dev --prefix backend" "npm run dev --prefix frontend"

[0] 
[0] > project-manager-backend@1.0.0 dev
[0] > nodemon src/app.ts
[0] 
[1] 
[1] > project-manager-frontend@1.0.0 dev
[1] > vite
[1] 
[0] [33m[nodemon] 3.1.10[39m
[0] [33m[nodemon] to restart at any time, enter `rs`[39m
[0] [33m[nodemon] watching path(s): *.*[39m
[0] [33m[nodemon] watching extensions: ts,json[39m
[0] [32m[nodemon] starting `ts-node src/app.ts`[39m
[1] 
[1]   VITE v4.5.14  ready in 415 ms
[1] 
[1]   âžœ  Local:   http://localhost:3000/
[1]   âžœ  Network: use --host to expose
[0] Attempting to connect to MongoDB...
[0] Connection string: mongodb+srv://lucasfroeschner:****@projectmanager.2veml9g.mongodb.net/project-manager?retryWrites=true&w=majority&appName=ProjectManager
[0] Server running on port 5000
[0] Connected to MongoDB successfully!
[0] Killed
[0] [31m[nodemon] app crashed - waiting for file changes before starting...[39m
[1] Killed
[1] npm run dev --prefix frontend exited with code 137
Starting Project Manager at Thu Jul 10 11:49:42 PDT 2025

> project-manager@1.0.0 dev
> concurrently "npm run dev --prefix backend" "npm run dev --prefix frontend"

[0] 
[0] > project-manager-backend@1.0.0 dev
[0] > nodemon src/app.ts
[0] 
[1] 
[1] > project-manager-frontend@1.0.0 dev
[1] > vite
[1] 
[0] [33m[nodemon] 3.1.10[39m
[0] [33m[nodemon] to restart at any time, enter `rs`[39m
[0] [33m[nodemon] watching path(s): *.*[39m
[0] [33m[nodemon] watching extensions: ts,json[39m
[0] [32m[nodemon] starting `ts-node src/app.ts`[39m
[1] 
[1]   VITE v4.5.14  ready in 345 ms
[1] 
[1]   âžœ  Local:   http://localhost:3000/
[1]   âžœ  Network: use --host to expose
[0] Attempting to connect to MongoDB...
[0] Connection string: mongodb+srv://lucasfroeschner:****@projectmanager.2veml9g.mongodb.net/project-manager?retryWrites=true&w=majority&appName=ProjectManager
[0] Server running on port 5000
[0] Connected to MongoDB successfully!
[1] 
[1] ðŸŒ¼   daisyUI 4.12.24
[1] â”œâ”€ âœ”ï¸Ž 31 themes added		https://daisyui.com/docs/themes
[1] â•°â”€ â˜… Star daisyUI on GitHub	https://github.com/saadeghi/daisyui
[1] 
[1] (node:188913) [DEP0060] DeprecationWarning: The `util._extend` API is deprecated. Please use Object.assign() instead.
[1] (Use `node --trace-deprecation ...` to show where the warning was created)
[1] Killed
[1] npm run dev --prefix frontend exited with code 137
[0] Killed
[0] [31m[nodemon] app crashed - waiting for file changes before starting...[39m
[0] [32m[nodemon] restarting due to changes...[39m
[0] [32m[nodemon] starting `ts-node src/app.ts`[39m
[0] [32m[nodemon] restarting due to changes...[39m
[0] [32m[nodemon] starting `ts-node src/app.ts`[39m
[0] [32m[nodemon] restarting due to changes...[39m
[0] [32m[nodemon] starting `ts-node src/app.ts`[39m
[0] [32m[nodemon] restarting due to changes...[39m
[0] [32m[nodemon] starting `ts-node src/app.ts`[39m
[0] Attempting to connect to MongoDB...
[0] Attempting to connect to MongoDB...
[0] Connection string: mongodb+srv://lucasfroeschner:****@projectmanager.2veml9g.mongodb.net/project-manager?retryWrites=true&w=majority&appName=ProjectManager
[0] Connection string: mongodb+srv://lucasfroeschner:****@projectmanager.2veml9g.mongodb.net/project-manager?retryWrites=true&w=majority&appName=ProjectManager
[0] Server running on port 5000
[0] Attempting to connect to MongoDB...
[0] Connection string: mongodb+srv://lucasfroeschner:****@projectmanager.2veml9g.mongodb.net/project-manager?retryWrites=true&w=majority&appName=ProjectManager
[0] Attempting to connect to MongoDB...
[0] Connection string: mongodb+srv://lucasfroeschner:****@projectmanager.2veml9g.mongodb.net/project-manager?retryWrites=true&w=majority&appName=ProjectManager
[0] Error: listen EADDRINUSE: address already in use :::5000
[0]     at Server.setupListenHandle [as _listen2] (node:net:1939:16)
[0]     at listenInCluster (node:net:1996:12)
[0]     at Server.listen (node:net:2101:7)
[0]     at Function.listen (/home/lucas/projects/active/project-manager/backend/node_modules/express/lib/application.js:635:24)
[0]     at Object.<anonymous> (/home/lucas/projects/active/project-manager/backend/src/app.ts:31:5)
[0]     at Module._compile (node:internal/modules/cjs/loader:1730:14)
[0]     at Module.m._compile (/home/lucas/projects/active/project-manager/backend/node_modules/ts-node/src/index.ts:1618:23)
[0]     at node:internal/modules/cjs/loader:1895:10
[0]     at Object.require.extensions.<computed> [as .ts] (/home/lucas/projects/active/project-manager/backend/node_modules/ts-node/src/index.ts:1621:12)
[0]     at Module.load (node:internal/modules/cjs/loader:1465:32) {
[0]   code: 'EADDRINUSE',
[0]   errno: -98,
[0]   syscall: 'listen',
[0]   address: '::',
[0]   port: 5000
[0] }
[0] Error: listen EADDRINUSE: address already in use :::5000
[0]     at Server.setupListenHandle [as _listen2] (node:net:1939:16)
[0]     at listenInCluster (node:net:1996:12)
[0]     at Server.listen (node:net:2101:7)
[0]     at Function.listen (/home/lucas/projects/active/project-manager/backend/node_modules/express/lib/application.js:635:24)
[0]     at Object.<anonymous> (/home/lucas/projects/active/project-manager/backend/src/app.ts:31:5)
[0]     at Module._compile (node:internal/modules/cjs/loader:1730:14)
[0]     at Module.m._compile (/home/lucas/projects/active/project-manager/backend/node_modules/ts-node/src/index.ts:1618:23)
[0]     at node:internal/modules/cjs/loader:1895:10
[0]     at Object.require.extensions.<computed> [as .ts] (/home/lucas/projects/active/project-manager/backend/node_modules/ts-node/src/index.ts:1621:12)
[0]     at Module.load (node:internal/modules/cjs/loader:1465:32) {
[0]   code: 'EADDRINUSE',
[0]   errno: -98,
[0]   syscall: 'listen',
[0]   address: '::',
[0]   port: 5000
[0] }
[0] Error: listen EADDRINUSE: address already in use :::5000
[0]     at Server.setupListenHandle [as _listen2] (node:net:1939:16)
[0]     at listenInCluster (node:net:1996:12)
[0]     at Server.listen (node:net:2101:7)
[0]     at Function.listen (/home/lucas/projects/active/project-manager/backend/node_modules/express/lib/application.js:635:24)
[0]     at Object.<anonymous> (/home/lucas/projects/active/project-manager/backend/src/app.ts:31:5)
[0]     at Module._compile (node:internal/modules/cjs/loader:1730:14)
[0]     at Module.m._compile (/home/lucas/projects/active/project-manager/backend/node_modules/ts-node/src/index.ts:1618:23)
[0]     at node:internal/modules/cjs/loader:1895:10
[0]     at Object.require.extensions.<computed> [as .ts] (/home/lucas/projects/active/project-manager/backend/node_modules/ts-node/src/index.ts:1621:12)
[0]     at Module.load (node:internal/modules/cjs/loader:1465:32) {
[0]   code: 'EADDRINUSE',
[0]   errno: -98,
[0]   syscall: 'listen',
[0]   address: '::',
[0]   port: 5000
[0] }
[0] [31m[nodemon] app crashed - waiting for file changes before starting...[39m
[0] [31m[nodemon] app crashed - waiting for file changes before starting...[39m
[0] [31m[nodemon] app crashed - waiting for file changes before starting...[39m
[0] Connected to MongoDB successfully!
[0] [32m[nodemon] restarting due to changes...[39m
[0] [0] [32m[nodemon] restarting due to changes...[39m
[0] [32m[nodemon] starting `ts-node src/app.ts`[39m
[32m[nodemon] restarting due to changes...[39m
[0] [32m[nodemon] starting `ts-node src/app.ts`[39m
[0] [32m[nodemon] restarting due to changes...[39m
[0] [32m[nodemon] starting `ts-node src/app.ts`[39m
[0] [32m[nodemon] starting `ts-node src/app.ts`[39m
[0] Attempting to connect to MongoDB...
[0] Connection string: mongodb+srv://lucasfroeschner:****@projectmanager.2veml9g.mongodb.net/project-manager?retryWrites=true&w=majority&appName=ProjectManager
[0] Server running on port 5003
[0] Attempting to connect to MongoDB...
[0] Connection string: mongodb+srv://lucasfroeschner:****@projectmanager.2veml9g.mongodb.net/project-manager?retryWrites=true&w=majority&appName=ProjectManager
[0] Attempting to connect to MongoDB...
[0] Connection string: mongodb+srv://lucasfroeschner:****@projectmanager.2veml9g.mongodb.net/project-manager?retryWrites=true&w=majority&appName=ProjectManager
[0] Attempting to connect to MongoDB...
[0] Connection string: mongodb+srv://lucasfroeschner:****@projectmanager.2veml9g.mongodb.net/project-manager?retryWrites=true&w=majority&appName=ProjectManager
[0] Error: listen EADDRINUSE: address already in use :::5003
[0]     at Server.setupListenHandle [as _listen2] (node:net:1939:16)
[0]     at listenInCluster (node:net:1996:12)
[0]     at Server.listen (node:net:2101:7)
[0]     at Function.listen (/home/lucas/projects/active/project-manager/backend/node_modules/express/lib/application.js:635:24)
[0]     at Object.<anonymous> (/home/lucas/projects/active/project-manager/backend/src/app.ts:31:5)
[0]     at Module._compile (node:internal/modules/cjs/loader:1730:14)
[0]     at Module.m._compile (/home/lucas/projects/active/project-manager/backend/node_modules/ts-node/src/index.ts:1618:23)
[0]     at node:internal/modules/cjs/loader:1895:10
[0]     at Object.require.extensions.<computed> [as .ts] (/home/lucas/projects/active/project-manager/backend/node_modules/ts-node/src/index.ts:1621:12)
[0]     at Module.load (node:internal/modules/cjs/loader:1465:32) {
[0]   code: 'EADDRINUSE',
[0]   errno: -98,
[0]   syscall: 'listen',
[0]   address: '::',
[0]   port: 5003
[0] }
[0] Error: listen EADDRINUSE: address already in use :::5003
[0]     at Server.setupListenHandle [as _listen2] (node:net:1939:16)
[0]     at listenInCluster (node:net:1996:12)
[0]     at Server.listen (node:net:2101:7)
[0]     at Function.listen (/home/lucas/projects/active/project-manager/backend/node_modules/express/lib/application.js:635:24)
[0]     at Object.<anonymous> (/home/lucas/projects/active/project-manager/backend/src/app.ts:31:5)
[0]     at Module._compile (node:internal/modules/cjs/loader:1730:14)
[0]     at Module.m._compile (/home/lucas/projects/active/project-manager/backend/node_modules/ts-node/src/index.ts:1618:23)
[0]     at node:internal/modules/cjs/loader:1895:10
[0]     at Object.require.extensions.<computed> [as .ts] (/home/lucas/projects/active/project-manager/backend/node_modules/ts-node/src/index.ts:1621:12)
[0]     at Module.load (node:internal/modules/cjs/loader:1465:32) {
[0]   code: 'EADDRINUSE',
[0]   errno: -98,
[0]   syscall: 'listen',
[0]   address: '::',
[0]   port: 5003
[0] }
[0] Error: listen EADDRINUSE: address already in use :::5003
[0]     at Server.setupListenHandle [as _listen2] (node:net:1939:16)
[0]     at listenInCluster (node:net:1996:12)
[0]     at Server.listen (node:net:2101:7)
[0]     at Function.listen (/home/lucas/projects/active/project-manager/backend/node_modules/express/lib/application.js:635:24)
[0]     at Object.<anonymous> (/home/lucas/projects/active/project-manager/backend/src/app.ts:31:5)
[0]     at Module._compile (node:internal/modules/cjs/loader:1730:14)
[0]     at Module.m._compile (/home/lucas/projects/active/project-manager/backend/node_modules/ts-node/src/index.ts:1618:23)
[0]     at node:internal/modules/cjs/loader:1895:10
[0]     at Object.require.extensions.<computed> [as .ts] (/home/lucas/projects/active/project-manager/backend/node_modules/ts-node/src/index.ts:1621:12)
[0]     at Module.load (node:internal/modules/cjs/loader:1465:32) {
[0]   code: 'EADDRINUSE',
[0]   errno: -98,
[0]   syscall: 'listen',
[0]   address: '::',
[0]   port: 5003
[0] }
[0] [31m[nodemon] app crashed - waiting for file changes before starting...[39m
[0] [31m[nodemon] app crashed - waiting for file changes before starting...[39m
[0] [31m[nodemon] app crashed - waiting for file changes before starting...[39m
[0] Connected to MongoDB successfully!
[0] Killed
[0] [31m[nodemon] app crashed - waiting for file changes before starting...[39m
Starting Project Manager at Thu Jul 10 17:30:34 PDT 2025

> project-manager@1.0.0 dev
> concurrently "npm run dev --prefix backend" "npm run dev --prefix frontend"

[0] 
[0] > project-manager-backend@1.0.0 dev
[0] > nodemon src/app.ts
[0] 
[1] 
[1] > project-manager-frontend@1.0.0 dev
[1] > vite
[1] 
[0] [33m[nodemon] 3.1.10[39m
[0] [33m[nodemon] to restart at any time, enter `rs`[39m
[0] [33m[nodemon] watching path(s): *.*[39m
[0] [33m[nodemon] watching extensions: ts,json[39m
[0] [32m[nodemon] starting `ts-node src/app.ts`[39m
[1] 
[1]   VITE v4.5.14  ready in 230 ms
[1] 
[1]   âžœ  Local:   http://localhost:5002/
[1]   âžœ  Network: use --host to expose
[0] Attempting to connect to MongoDB...
[0] Connection string: mongodb+srv://lucasfroeschner:****@projectmanager.2veml9g.mongodb.net/project-manager?retryWrites=true&w=majority&appName=ProjectManager
[0] Server running on port 5003
[1] 
[1] ðŸŒ¼   daisyUI 4.12.24
[0] Connected to MongoDB successfully!
[1] â”œâ”€ âœ”ï¸Ž 31 themes added		https://daisyui.com/docs/themes
[1] â•°â”€ â¤ï¸Ž Support daisyUI project:	https://opencollective.com/daisyui
[1] 
[1] (node:426334) [DEP0060] DeprecationWarning: The `util._extend` API is deprecated. Please use Object.assign() instead.
[1] (Use `node --trace-deprecation ...` to show where the warning was created)
